This file contains any messages produced by compilers while
running configure, to aid debugging if configure makes a mistake.

It was created by main configure 1.0, which was
generated by GNU Autoconf 2.69.  Invocation command line was

  $ ../configure 

## --------- ##
## Platform. ##
## --------- ##

hostname = Stepan-PC
uname -m = x86_64
uname -r = 4.8.0-54-generic
uname -s = Linux
uname -v = #57~16.04.1-Ubuntu SMP Wed May 24 16:22:28 UTC 2017

/usr/bin/uname -p = unknown
/bin/uname -X     = unknown

/bin/arch              = unknown
/usr/bin/arch -k       = unknown
/usr/convex/getsysinfo = unknown
/usr/bin/hostinfo      = unknown
/bin/machine           = unknown
/usr/bin/oslevel       = unknown
/bin/universe          = unknown

PATH: /home/stepan/bin
PATH: /home/stepan/.local/bin
PATH: /usr/local/sbin
PATH: /usr/local/bin
PATH: /usr/sbin
PATH: /usr/bin
PATH: /sbin
PATH: /bin
PATH: /usr/games
PATH: /usr/local/games
PATH: /snap/bin


## ----------- ##
## Core tests. ##
## ----------- ##

configure:1930: checking for a BSD-compatible install
configure:1998: result: /usr/bin/install -c
configure:2009: checking whether build environment is sane
configure:2064: result: yes
configure:2215: checking for a thread-safe mkdir -p
configure:2254: result: /bin/mkdir -p
configure:2261: checking for gawk
configure:2291: result: no
configure:2261: checking for mawk
configure:2277: found /usr/bin/mawk
configure:2288: result: mawk
configure:2299: checking whether make sets $(MAKE)
configure:2321: result: yes
configure:2350: checking whether make supports nested variables
configure:2367: result: yes
configure:2556: checking for g++
configure:2572: found /usr/bin/g++
configure:2583: result: g++
configure:2610: checking for C++ compiler version
configure:2619: g++ --version >&5
g++ (Ubuntu 5.4.0-6ubuntu1~16.04.4) 5.4.0 20160609
Copyright (C) 2015 Free Software Foundation, Inc.
This is free software; see the source for copying conditions.  There is NO
warranty; not even for MERCHANTABILITY or FITNESS FOR A PARTICULAR PURPOSE.

configure:2630: $? = 0
configure:2619: g++ -v >&5
Using built-in specs.
COLLECT_GCC=g++
COLLECT_LTO_WRAPPER=/usr/lib/gcc/x86_64-linux-gnu/5/lto-wrapper
Target: x86_64-linux-gnu
Configured with: ../src/configure -v --with-pkgversion='Ubuntu 5.4.0-6ubuntu1~16.04.4' --with-bugurl=file:///usr/share/doc/gcc-5/README.Bugs --enable-languages=c,ada,c++,java,go,d,fortran,objc,obj-c++ --prefix=/usr --program-suffix=-5 --enable-shared --enable-linker-build-id --libexecdir=/usr/lib --without-included-gettext --enable-threads=posix --libdir=/usr/lib --enable-nls --with-sysroot=/ --enable-clocale=gnu --enable-libstdcxx-debug --enable-libstdcxx-time=yes --with-default-libstdcxx-abi=new --enable-gnu-unique-object --disable-vtable-verify --enable-libmpx --enable-plugin --with-system-zlib --disable-browser-plugin --enable-java-awt=gtk --enable-gtk-cairo --with-java-home=/usr/lib/jvm/java-1.5.0-gcj-5-amd64/jre --enable-java-home --with-jvm-root-dir=/usr/lib/jvm/java-1.5.0-gcj-5-amd64 --with-jvm-jar-dir=/usr/lib/jvm-exports/java-1.5.0-gcj-5-amd64 --with-arch-directory=amd64 --with-ecj-jar=/usr/share/java/eclipse-ecj.jar --enable-objc-gc --enable-multiarch --disable-werror --with-arch-32=i686 --with-abi=m64 --with-multilib-list=m32,m64,mx32 --enable-multilib --with-tune=generic --enable-checking=release --build=x86_64-linux-gnu --host=x86_64-linux-gnu --target=x86_64-linux-gnu
Thread model: posix
gcc version 5.4.0 20160609 (Ubuntu 5.4.0-6ubuntu1~16.04.4) 
configure:2630: $? = 0
configure:2619: g++ -V >&5
g++: error: unrecognized command line option '-V'
g++: fatal error: no input files
compilation terminated.
configure:2630: $? = 1
configure:2619: g++ -qversion >&5
g++: error: unrecognized command line option '-qversion'
g++: fatal error: no input files
compilation terminated.
configure:2630: $? = 1
configure:2650: checking whether the C++ compiler works
configure:2672: g++    conftest.cpp  >&5
configure:2676: $? = 0
configure:2724: result: yes
configure:2727: checking for C++ compiler default output file name
configure:2729: result: a.out
configure:2735: checking for suffix of executables
configure:2742: g++ -o conftest    conftest.cpp  >&5
configure:2746: $? = 0
configure:2768: result: 
configure:2790: checking whether we are cross compiling
configure:2798: g++ -o conftest    conftest.cpp  >&5
configure:2802: $? = 0
configure:2809: ./conftest
configure:2813: $? = 0
configure:2828: result: no
configure:2833: checking for suffix of object files
configure:2855: g++ -c   conftest.cpp >&5
configure:2859: $? = 0
configure:2880: result: o
configure:2884: checking whether we are using the GNU C++ compiler
configure:2903: g++ -c   conftest.cpp >&5
configure:2903: $? = 0
configure:2912: result: yes
configure:2921: checking whether g++ accepts -g
configure:2941: g++ -c -g  conftest.cpp >&5
configure:2941: $? = 0
configure:2982: result: yes
configure:3016: checking for style of include used by make
configure:3044: result: GNU
configure:3070: checking dependency style of g++
configure:3181: result: gcc3
configure:3244: checking for gcc
configure:3260: found /usr/bin/gcc
configure:3271: result: gcc
configure:3500: checking for C compiler version
configure:3509: gcc --version >&5
gcc (Ubuntu 5.4.0-6ubuntu1~16.04.4) 5.4.0 20160609
Copyright (C) 2015 Free Software Foundation, Inc.
This is free software; see the source for copying conditions.  There is NO
warranty; not even for MERCHANTABILITY or FITNESS FOR A PARTICULAR PURPOSE.

configure:3520: $? = 0
configure:3509: gcc -v >&5
Using built-in specs.
COLLECT_GCC=gcc
COLLECT_LTO_WRAPPER=/usr/lib/gcc/x86_64-linux-gnu/5/lto-wrapper
Target: x86_64-linux-gnu
Configured with: ../src/configure -v --with-pkgversion='Ubuntu 5.4.0-6ubuntu1~16.04.4' --with-bugurl=file:///usr/share/doc/gcc-5/README.Bugs --enable-languages=c,ada,c++,java,go,d,fortran,objc,obj-c++ --prefix=/usr --program-suffix=-5 --enable-shared --enable-linker-build-id --libexecdir=/usr/lib --without-included-gettext --enable-threads=posix --libdir=/usr/lib --enable-nls --with-sysroot=/ --enable-clocale=gnu --enable-libstdcxx-debug --enable-libstdcxx-time=yes --with-default-libstdcxx-abi=new --enable-gnu-unique-object --disable-vtable-verify --enable-libmpx --enable-plugin --with-system-zlib --disable-browser-plugin --enable-java-awt=gtk --enable-gtk-cairo --with-java-home=/usr/lib/jvm/java-1.5.0-gcj-5-amd64/jre --enable-java-home --with-jvm-root-dir=/usr/lib/jvm/java-1.5.0-gcj-5-amd64 --with-jvm-jar-dir=/usr/lib/jvm-exports/java-1.5.0-gcj-5-amd64 --with-arch-directory=amd64 --with-ecj-jar=/usr/share/java/eclipse-ecj.jar --enable-objc-gc --enable-multiarch --disable-werror --with-arch-32=i686 --with-abi=m64 --with-multilib-list=m32,m64,mx32 --enable-multilib --with-tune=generic --enable-checking=release --build=x86_64-linux-gnu --host=x86_64-linux-gnu --target=x86_64-linux-gnu
Thread model: posix
gcc version 5.4.0 20160609 (Ubuntu 5.4.0-6ubuntu1~16.04.4) 
configure:3520: $? = 0
configure:3509: gcc -V >&5
gcc: error: unrecognized command line option '-V'
gcc: fatal error: no input files
compilation terminated.
configure:3520: $? = 1
configure:3509: gcc -qversion >&5
gcc: error: unrecognized command line option '-qversion'
gcc: fatal error: no input files
compilation terminated.
configure:3520: $? = 1
configure:3524: checking whether we are using the GNU C compiler
configure:3543: gcc -c   conftest.c >&5
configure:3543: $? = 0
configure:3552: result: yes
configure:3561: checking whether gcc accepts -g
configure:3581: gcc -c -g  conftest.c >&5
configure:3581: $? = 0
configure:3622: result: yes
configure:3639: checking for gcc option to accept ISO C89
configure:3702: gcc  -c -g -O2  conftest.c >&5
configure:3702: $? = 0
configure:3715: result: none needed
configure:3740: checking whether gcc understands -c and -o together
configure:3762: gcc -c conftest.c -o conftest2.o
configure:3765: $? = 0
configure:3762: gcc -c conftest.c -o conftest2.o
configure:3765: $? = 0
configure:3777: result: yes
configure:3796: checking dependency style of gcc
configure:3907: result: gcc3
configure:3923: checking whether make sets $(MAKE)
configure:3945: result: yes
configure:3958: checking for gawk
configure:3985: result: mawk
configure:4001: checking how to run the C preprocessor
configure:4032: gcc -E  conftest.c
configure:4032: $? = 0
configure:4046: gcc -E  conftest.c
conftest.c:11:28: fatal error: ac_nonexistent.h: No such file or directory
compilation terminated.
configure:4046: $? = 1
configure: failed program was:
| /* confdefs.h */
| #define PACKAGE_NAME "main"
| #define PACKAGE_TARNAME "main"
| #define PACKAGE_VERSION "1.0"
| #define PACKAGE_STRING "main 1.0"
| #define PACKAGE_BUGREPORT ""
| #define PACKAGE_URL ""
| #define PACKAGE "main"
| #define VERSION "1.0"
| /* end confdefs.h.  */
| #include <ac_nonexistent.h>
configure:4071: result: gcc -E
configure:4091: gcc -E  conftest.c
configure:4091: $? = 0
configure:4105: gcc -E  conftest.c
conftest.c:11:28: fatal error: ac_nonexistent.h: No such file or directory
compilation terminated.
configure:4105: $? = 1
configure: failed program was:
| /* confdefs.h */
| #define PACKAGE_NAME "main"
| #define PACKAGE_TARNAME "main"
| #define PACKAGE_VERSION "1.0"
| #define PACKAGE_STRING "main 1.0"
| #define PACKAGE_BUGREPORT ""
| #define PACKAGE_URL ""
| #define PACKAGE "main"
| #define VERSION "1.0"
| /* end confdefs.h.  */
| #include <ac_nonexistent.h>
configure:4254: checking that generated files are newer than configure
configure:4260: result: done
configure:4287: creating ./config.status

## ---------------------- ##
## Running config.status. ##
## ---------------------- ##

This file was extended by main config.status 1.0, which was
generated by GNU Autoconf 2.69.  Invocation command line was

  CONFIG_FILES    = 
  CONFIG_HEADERS  = 
  CONFIG_LINKS    = 
  CONFIG_COMMANDS = 
  $ ./config.status 

on Stepan-PC

config.status:848: creating Makefile
config.status:848: creating output/Makefile
config.status:848: creating config.h
config.status:1014: config.h is unchanged
config.status:1062: executing depfiles commands

## ---------------- ##
## Cache variables. ##
## ---------------- ##

ac_cv_c_compiler_gnu=yes
ac_cv_cxx_compiler_gnu=yes
ac_cv_env_CCC_set=
ac_cv_env_CCC_value=
ac_cv_env_CC_set=
ac_cv_env_CC_value=
ac_cv_env_CFLAGS_set=
ac_cv_env_CFLAGS_value=
ac_cv_env_CPPFLAGS_set=
ac_cv_env_CPPFLAGS_value=
ac_cv_env_CPP_set=
ac_cv_env_CPP_value=
ac_cv_env_CXXFLAGS_set=
ac_cv_env_CXXFLAGS_value=
ac_cv_env_CXX_set=
ac_cv_env_CXX_value=
ac_cv_env_LDFLAGS_set=
ac_cv_env_LDFLAGS_value=
ac_cv_env_LIBS_set=
ac_cv_env_LIBS_value=
ac_cv_env_build_alias_set=
ac_cv_env_build_alias_value=
ac_cv_env_host_alias_set=
ac_cv_env_host_alias_value=
ac_cv_env_target_alias_set=
ac_cv_env_target_alias_value=
ac_cv_objext=o
ac_cv_path_install='/usr/bin/install -c'
ac_cv_path_mkdir=/bin/mkdir
ac_cv_prog_AWK=mawk
ac_cv_prog_CPP='gcc -E'
ac_cv_prog_ac_ct_CC=gcc
ac_cv_prog_ac_ct_CXX=g++
ac_cv_prog_cc_c89=
ac_cv_prog_cc_g=yes
ac_cv_prog_cxx_g=yes
ac_cv_prog_make_make_set=yes
am_cv_CC_dependencies_compiler_type=gcc3
am_cv_CXX_dependencies_compiler_type=gcc3
am_cv_make_support_nested_variables=yes
am_cv_prog_cc_c_o=yes

## ----------------- ##
## Output variables. ##
## ----------------- ##

ACLOCAL='${SHELL} /home/stepan/Documents/SysProgTasks/Task3/project/missing aclocal-1.15'
AMDEPBACKSLASH='\'
AMDEP_FALSE='#'
AMDEP_TRUE=''
AMTAR='$${TAR-tar}'
AM_BACKSLASH='\'
AM_DEFAULT_V='$(AM_DEFAULT_VERBOSITY)'
AM_DEFAULT_VERBOSITY='1'
AM_V='$(V)'
AUTOCONF='${SHELL} /home/stepan/Documents/SysProgTasks/Task3/project/missing autoconf'
AUTOHEADER='${SHELL} /home/stepan/Documents/SysProgTasks/Task3/project/missing autoheader'
AUTOMAKE='${SHELL} /home/stepan/Documents/SysProgTasks/Task3/project/missing automake-1.15'
AWK='mawk'
CC='gcc'
CCDEPMODE='depmode=gcc3'
CFLAGS='-g -O2'
CPP='gcc -E'
CPPFLAGS=''
CXX='g++'
CXXDEPMODE='depmode=gcc3'
CXXFLAGS='-g -O2'
CYGPATH_W='echo'
DEFS='-DHAVE_CONFIG_H'
DEPDIR='.deps'
ECHO_C=''
ECHO_N='-n'
ECHO_T=''
EXEEXT=''
INSTALL_DATA='${INSTALL} -m 644'
INSTALL_PROGRAM='${INSTALL}'
INSTALL_SCRIPT='${INSTALL}'
INSTALL_STRIP_PROGRAM='$(install_sh) -c -s'
LDFLAGS=''
LIBOBJS=''
LIBS=''
LTLIBOBJS=''
MAKEINFO='${SHELL} /home/stepan/Documents/SysProgTasks/Task3/project/missing makeinfo'
MKDIR_P='/bin/mkdir -p'
OBJEXT='o'
PACKAGE='main'
PACKAGE_BUGREPORT=''
PACKAGE_NAME='main'
PACKAGE_STRING='main 1.0'
PACKAGE_TARNAME='main'
PACKAGE_URL=''
PACKAGE_VERSION='1.0'
PATH_SEPARATOR=':'
SET_MAKE=''
SHELL='/bin/bash'
STRIP=''
VERSION='1.0'
ac_ct_CC='gcc'
ac_ct_CXX='g++'
am__EXEEXT_FALSE=''
am__EXEEXT_TRUE='#'
am__fastdepCC_FALSE='#'
am__fastdepCC_TRUE=''
am__fastdepCXX_FALSE='#'
am__fastdepCXX_TRUE=''
am__include='include'
am__isrc=' -I$(srcdir)'
am__leading_dot='.'
am__nodep='_no'
am__quote=''
am__tar='$${TAR-tar} chof - "$$tardir"'
am__untar='$${TAR-tar} xf -'
bindir='${exec_prefix}/bin'
build_alias=''
datadir='${datarootdir}'
datarootdir='${prefix}/share'
docdir='${datarootdir}/doc/${PACKAGE_TARNAME}'
dvidir='${docdir}'
exec_prefix='${prefix}'
host_alias=''
htmldir='${docdir}'
includedir='${prefix}/include'
infodir='${datarootdir}/info'
install_sh='${SHELL} /home/stepan/Documents/SysProgTasks/Task3/project/install-sh'
libdir='${exec_prefix}/lib'
libexecdir='${exec_prefix}/libexec'
localedir='${datarootdir}/locale'
localstatedir='${prefix}/var'
mandir='${datarootdir}/man'
mkdir_p='$(MKDIR_P)'
oldincludedir='/usr/include'
pdfdir='${docdir}'
prefix='/usr/local'
program_transform_name='s,x,x,'
psdir='${docdir}'
runstatedir='${localstatedir}/run'
sbindir='${exec_prefix}/sbin'
sharedstatedir='${prefix}/com'
sysconfdir='${prefix}/etc'
target_alias=''

## ----------- ##
## confdefs.h. ##
## ----------- ##

/* confdefs.h */
#define PACKAGE_NAME "main"
#define PACKAGE_TARNAME "main"
#define PACKAGE_VERSION "1.0"
#define PACKAGE_STRING "main 1.0"
#define PACKAGE_BUGREPORT ""
#define PACKAGE_URL ""
#define PACKAGE "main"
#define VERSION "1.0"

configure: exit 0
